  Run    MC Year Diffusion   Breed   Spread SlopeResist RoadGrav
    0     0 1931     5.05     5.05    10.10    94.72     5.03
    0     0 1932     5.10     5.10    10.20    94.44     5.06
    0     0 1933     5.15     5.15    10.30    94.15     5.09
    0     0 1934     5.20     5.20    10.41    93.85     5.12
    0     0 1935     5.26     5.26    10.51    93.55     5.15
    0     0 1936     5.31     5.31    10.62    93.24     5.18
    0     0 1937     5.36     5.36    10.72    92.92     5.21
    0     0 1938     5.41     5.41    10.83    92.60     5.24
    0     0 1939     5.47     5.47    10.94    92.27     5.27
    0     0 1940     5.52     5.52    11.05    91.94     5.31
    0     0 1941     5.58     5.58    11.16    91.60     5.34
    0     0 1942     5.63     5.63    11.27    91.26     5.37
    0     0 1943     5.69     5.69    11.38    90.90     5.41
    0     0 1944     5.75     5.75    11.49    90.54     5.45
    0     0 1945     5.80     5.80    11.61    90.18     5.48
    0     0 1946     5.86     5.86    11.73    89.80     5.52
    0     0 1947     5.92     5.92    11.84    89.42     5.56
    0     0 1948     5.98     5.98    11.96    89.04     5.60
    0     0 1949     6.04     6.04    12.08    88.64     5.64
    0     0 1950     6.10     6.10    12.20    88.15     5.68
    0     0 1951     6.16     6.16    12.32    87.65     5.73
    0     0 1952     6.22     6.22    12.45    87.15     5.79
    0     0 1953     6.29     6.29    12.57    86.63     5.84
    0     0 1954     6.35     6.35    12.70    86.10     5.89
    0     0 1955     6.41     6.41    12.82    85.56     5.94
    0     0 1956     6.48     6.48    12.95    85.01     6.00
    0     0 1957     6.54     6.54    13.08    84.46     6.05
    0     0 1958     6.61     6.61    13.21    83.90     6.11
    0     0 1959     6.67     6.67    13.35    83.32     6.17
    0     0 1960     6.74     6.74    13.48    82.74     6.23
    0     0 1961     6.81     6.81    13.61    82.14     6.29
    0     0 1962     6.87     6.87    13.75    81.53     6.35
    0     0 1963     6.94     6.94    13.89    80.91     6.41
    0     0 1964     7.01     7.01    14.03    80.28     6.47
    0     0 1965     7.08     7.08    14.17    79.64     6.54
    0     0 1966     7.15     7.15    14.31    78.98     6.60
    0     0 1967     7.23     7.23    14.45    78.31     6.67
    0     0 1968     7.30     7.30    14.60    77.63     6.74
    0     0 1969     7.37     7.37    14.74    76.94     6.81
    0     0 1970     7.44     7.44    14.89    76.14     6.89
    0     0 1971     7.52     7.52    15.04    75.33     6.97
    0     0 1972     7.59     7.59    15.19    74.52     7.05
    0     0 1973     7.67     7.67    15.34    73.68     7.13
    0     0 1974     7.75     7.75    15.49    72.82     7.22
    0     0 1975     7.82     7.82    15.65    71.95     7.31
    0     0 1976     7.90     7.90    15.80    71.05     7.40
    0     0 1977     7.98     7.98    15.96    70.14     7.49
    0     0 1978     8.06     8.06    16.12    69.20     7.58
    0     0 1979     8.14     8.14    16.28    68.24     7.68
    0     0 1980     8.22     8.22    16.45    67.27     7.77
    0     0 1981     8.31     8.31    16.61    66.26     7.87
    0     0 1982     8.39     8.39    16.78    65.24     7.98
    0     0 1983     8.47     8.47    16.94    64.19     8.08
    0     0 1984     8.56     8.56    17.11    63.13     8.19
    0     0 1985     8.64     8.64    17.29    62.03     8.30
    0     0 1986     8.73     8.73    17.46    60.91     8.41
    0     0 1987     8.82     8.82    17.63    59.76     8.52
    0     0 1988     8.90     8.90    17.81    58.59     8.64
    0     0 1989     8.99     8.99    17.99    57.39     8.76
    0     0 1990     9.08     9.08    18.17    56.11     8.89
    0     1 1931     5.05     5.05    10.10    94.72     5.03
    0     1 1932     5.10     5.10    10.20    94.44     5.06
    0     1 1933     5.15     5.15    10.30    94.15     5.09
    0     1 1934     5.20     5.20    10.41    93.85     5.11
    0     1 1935     5.26     5.26    10.51    93.55     5.14
    0     1 1936     5.31     5.31    10.62    93.24     5.18
    0     1 1937     5.36     5.36    10.72    92.93     5.21
    0     1 1938     5.41     5.41    10.83    92.61     5.24
    0     1 1939     5.47     5.47    10.94    92.28     5.27
    0     1 1940     5.52     5.52    11.05    91.94     5.31
    0     1 1941     5.58     5.58    11.16    91.60     5.34
    0     1 1942     5.63     5.63    11.27    91.25     5.38
    0     1 1943     5.69     5.69    11.38    90.88     5.41
    0     1 1944     5.75     5.75    11.49    90.52     5.45
    0     1 1945     5.80     5.80    11.61    90.14     5.49
    0     1 1946     5.86     5.86    11.73    89.76     5.52
    0     1 1947     5.92     5.92    11.84    89.37     5.56
    0     1 1948     5.98     5.98    11.96    88.97     5.60
    0     1 1949     6.04     6.04    12.08    88.57     5.64
    0     1 1950     6.10     6.10    12.20    88.07     5.69
    0     1 1951     6.16     6.16    12.32    87.56     5.74
    0     1 1952     6.22     6.22    12.45    87.04     5.80
    0     1 1953     6.29     6.29    12.57    86.50     5.85
    0     1 1954     6.35     6.35    12.70    85.96     5.90
    0     1 1955     6.41     6.41    12.82    85.40     5.96
    0     1 1956     6.48     6.48    12.95    84.83     6.02
    0     1 1957     6.54     6.54    13.08    84.25     6.07
    0     1 1958     6.61     6.61    13.21    83.66     6.13
    0     1 1959     6.67     6.67    13.35    83.05     6.19
    0     1 1960     6.74     6.74    13.48    82.43     6.26
    0     1 1961     6.81     6.81    13.61    81.80     6.32
    0     1 1962     6.87     6.87    13.75    81.15     6.39
    0     1 1963     6.94     6.94    13.89    80.48     6.45
    0     1 1964     7.01     7.01    14.03    79.80     6.52
    0     1 1965     7.08     7.08    14.17    79.11     6.59
    0     1 1966     7.15     7.15    14.31    78.39     6.66
    0     1 1967     7.23     7.23    14.45    77.66     6.73
    0     1 1968     7.30     7.30    14.60    76.91     6.81
    0     1 1969     7.37     7.37    14.74    76.15     6.89
    0     1 1970     7.44     7.44    14.89    75.28     6.97
    0     1 1971     7.52     7.52    15.04    74.39     7.06
    0     1 1972     7.59     7.59    15.19    73.48     7.15
    0     1 1973     7.67     7.67    15.34    72.55     7.25
    0     1 1974     7.75     7.75    15.49    71.60     7.34
    0     1 1975     7.82     7.82    15.65    70.63     7.44
    0     1 1976     7.90     7.90    15.80    69.64     7.54
    0     1 1977     7.98     7.98    15.96    68.63     7.64
    0     1 1978     8.06     8.06    16.12    67.61     7.74
    0     1 1979     8.14     8.14    16.28    66.56     7.84
    0     1 1980     8.22     8.22    16.45    65.49     7.95
    0     1 1981     8.31     8.31    16.61    64.39     8.06
    0     1 1982     8.39     8.39    16.78    63.27     8.17
    0     1 1983     8.47     8.47    16.94    62.13     8.29
    0     1 1984     8.56     8.56    17.11    60.97     8.40
    0     1 1985     8.64     8.64    17.29    59.78     8.52
    0     1 1986     8.73     8.73    17.46    58.57     8.64
    0     1 1987     8.82     8.82    17.63    57.33     8.77
    0     1 1988     8.90     8.90    17.81    56.07     8.89
    0     1 1989     8.99     8.99    17.99    54.78     9.02
    0     1 1990     9.08     9.08    18.17    53.42     9.16
    0     2 1931     5.05     5.05    10.10    94.72     5.03
    0     2 1932     5.10     5.10    10.20    94.43     5.06
    0     2 1933     5.15     5.15    10.30    94.14     5.09
    0     2 1934     5.20     5.20    10.41    93.83     5.12
    0     2 1935     5.26     5.26    10.51    93.53     5.15
    0     2 1936     5.31     5.31    10.62    93.22     5.18
    0     2 1937     5.36     5.36    10.72    92.90     5.21
    0     2 1938     5.41     5.41    10.83    92.57     5.24
    0     2 1939     5.47     5.47    10.94    92.24     5.28
    0     2 1940     5.52     5.52    11.05    91.91     5.31
    0     2 1941     5.58     5.58    11.16    91.56     5.34
    0     2 1942     5.63     5.63    11.27    91.21     5.38
    0     2 1943     5.69     5.69    11.38    90.85     5.41
    0     2 1944     5.75     5.75    11.49    90.49     5.45
    0     2 1945     5.80     5.80    11.61    90.11     5.49
    0     2 1946     5.86     5.86    11.73    89.73     5.53
    0     2 1947     5.92     5.92    11.84    89.34     5.57
    0     2 1948     5.98     5.98    11.96    88.94     5.61
    0     2 1949     6.04     6.04    12.08    88.54     5.65
    0     2 1950     6.10     6.10    12.20    88.04     5.70
    0     2 1951     6.16     6.16    12.32    87.52     5.75
    0     2 1952     6.22     6.22    12.45    86.99     5.80
    0     2 1953     6.29     6.29    12.57    86.45     5.85
    0     2 1954     6.35     6.35    12.70    85.90     5.91
    0     2 1955     6.41     6.41    12.82    85.34     5.97
    0     2 1956     6.48     6.48    12.95    84.77     6.02
    0     2 1957     6.54     6.54    13.08    84.18     6.08
    0     2 1958     6.61     6.61    13.21    83.59     6.14
    0     2 1959     6.67     6.67    13.35    82.97     6.20
    0     2 1960     6.74     6.74    13.48    82.34     6.27
    0     2 1961     6.81     6.81    13.61    81.70     6.33
    0     2 1962     6.87     6.87    13.75    81.05     6.40
    0     2 1963     6.94     6.94    13.89    80.38     6.46
    0     2 1964     7.01     7.01    14.03    79.69     6.53
    0     2 1965     7.08     7.08    14.17    78.99     6.60
    0     2 1966     7.15     7.15    14.31    78.28     6.67
    0     2 1967     7.23     7.23    14.45    77.54     6.75
    0     2 1968     7.30     7.30    14.60    76.79     6.82
    0     2 1969     7.37     7.37    14.74    76.02     6.90
    0     2 1970     7.44     7.44    14.89    75.15     6.99
    0     2 1971     7.52     7.52    15.04    74.25     7.07
    0     2 1972     7.59     7.59    15.19    73.34     7.17
    0     2 1973     7.67     7.67    15.34    72.41     7.26
    0     2 1974     7.75     7.75    15.49    71.45     7.35
    0     2 1975     7.82     7.82    15.65    70.47     7.45
    0     2 1976     7.90     7.90    15.80    69.47     7.55
    0     2 1977     7.98     7.98    15.96    68.44     7.66
    0     2 1978     8.06     8.06    16.12    67.40     7.76
    0     2 1979     8.14     8.14    16.28    66.33     7.87
    0     2 1980     8.22     8.22    16.45    65.23     7.98
    0     2 1981     8.31     8.31    16.61    64.12     8.09
    0     2 1982     8.39     8.39    16.78    62.97     8.20
    0     2 1983     8.47     8.47    16.94    61.81     8.32
    0     2 1984     8.56     8.56    17.11    60.61     8.44
    0     2 1985     8.64     8.64    17.29    59.39     8.56
    0     2 1986     8.73     8.73    17.46    58.14     8.69
    0     2 1987     8.82     8.82    17.63    56.86     8.81
    0     2 1988     8.90     8.90    17.81    55.56     8.94
    0     2 1989     8.99     8.99    17.99    54.23     9.08
    0     2 1990     9.08     9.08    18.17    52.82     9.22
    0     3 1931     5.05     5.05    10.10    94.72     5.03
    0     3 1932     5.10     5.10    10.20    94.43     5.06
    0     3 1933     5.15     5.15    10.30    94.15     5.09
    0     3 1934     5.20     5.20    10.41    93.85     5.11
    0     3 1935     5.26     5.26    10.51    93.55     5.14
    0     3 1936     5.31     5.31    10.62    93.24     5.18
    0     3 1937     5.36     5.36    10.72    92.93     5.21
    0     3 1938     5.41     5.41    10.83    92.61     5.24
    0     3 1939     5.47     5.47    10.94    92.28     5.27
    0     3 1940     5.52     5.52    11.05    91.95     5.31
    0     3 1941     5.58     5.58    11.16    91.61     5.34
    0     3 1942     5.63     5.63    11.27    91.26     5.37
    0     3 1943     5.69     5.69    11.38    90.90     5.41
    0     3 1944     5.75     5.75    11.49    90.53     5.45
    0     3 1945     5.80     5.80    11.61    90.16     5.48
    0     3 1946     5.86     5.86    11.73    89.77     5.52
    0     3 1947     5.92     5.92    11.84    89.38     5.56
    0     3 1948     5.98     5.98    11.96    88.99     5.60
    0     3 1949     6.04     6.04    12.08    88.58     5.64
    0     3 1950     6.10     6.10    12.20    88.07     5.69
    0     3 1951     6.16     6.16    12.32    87.56     5.74
    0     3 1952     6.22     6.22    12.45    87.04     5.80
    0     3 1953     6.29     6.29    12.57    86.50     5.85
    0     3 1954     6.35     6.35    12.70    85.96     5.90
    0     3 1955     6.41     6.41    12.82    85.40     5.96
    0     3 1956     6.48     6.48    12.95    84.83     6.02
    0     3 1957     6.54     6.54    13.08    84.25     6.07
    0     3 1958     6.61     6.61    13.21    83.66     6.13
    0     3 1959     6.67     6.67    13.35    83.05     6.19
    0     3 1960     6.74     6.74    13.48    82.43     6.26
    0     3 1961     6.81     6.81    13.61    81.80     6.32
    0     3 1962     6.87     6.87    13.75    81.15     6.38
    0     3 1963     6.94     6.94    13.89    80.49     6.45
    0     3 1964     7.01     7.01    14.03    79.82     6.52
    0     3 1965     7.08     7.08    14.17    79.13     6.59
    0     3 1966     7.15     7.15    14.31    78.42     6.66
    0     3 1967     7.23     7.23    14.45    77.69     6.73
    0     3 1968     7.30     7.30    14.60    76.95     6.80
    0     3 1969     7.37     7.37    14.74    76.19     6.88
    0     3 1970     7.44     7.44    14.89    75.33     6.97
    0     3 1971     7.52     7.52    15.04    74.44     7.06
    0     3 1972     7.59     7.59    15.19    73.53     7.15
    0     3 1973     7.67     7.67    15.34    72.60     7.24
    0     3 1974     7.75     7.75    15.49    71.65     7.33
    0     3 1975     7.82     7.82    15.65    70.69     7.43
    0     3 1976     7.90     7.90    15.80    69.71     7.53
    0     3 1977     7.98     7.98    15.96    68.70     7.63
    0     3 1978     8.06     8.06    16.12    67.67     7.73
    0     3 1979     8.14     8.14    16.28    66.62     7.84
    0     3 1980     8.22     8.22    16.45    65.54     7.95
    0     3 1981     8.31     8.31    16.61    64.44     8.06
    0     3 1982     8.39     8.39    16.78    63.31     8.17
    0     3 1983     8.47     8.47    16.94    62.15     8.28
    0     3 1984     8.56     8.56    17.11    60.96     8.40
    0     3 1985     8.64     8.64    17.29    59.74     8.53
    0     3 1986     8.73     8.73    17.46    58.48     8.65
    0     3 1987     8.82     8.82    17.63    57.19     8.78
    0     3 1988     8.90     8.90    17.81    55.88     8.91
    0     3 1989     8.99     8.99    17.99    54.53     9.05
    0     3 1990     9.08     9.08    18.17    53.10     9.19
